[2022-12-14 01:54:49] [ INFO ] [OdontologoService:21] Se inició el proceso de guardado del odontologo con apellido: fdd
[2022-12-14 23:22:23] [ INFO ] [OdontologoService:21] Se inició el proceso de guardado del odontologo con apellido: serfdsfgthna
[2022-12-14 23:22:27] [ INFO ] [OdontologoService:21] Se inició el proceso de guardado del odontologo con apellido: serfdsfgthna
[2022-12-14 23:22:34] [ INFO ] [OdontologoService:21] Se inició el proceso de guardado del odontologo con apellido: serfdsfgthna
[2022-12-14 23:22:37] [ INFO ] [OdontologoService:21] Se inició el proceso de guardado del odontologo con apellido: serfdsfgthna
[2022-12-14 23:50:10] [ INFO ] [OdontologoService:21] Se inició el proceso de guardado del odontologo con apellido: Serna
[2022-12-14 23:50:16] [ INFO ] [OdontologoService:21] Se inició el proceso de guardado del odontologo con apellido: Serna
[2022-12-14 23:50:20] [ INFO ] [OdontologoService:21] Se inició el proceso de guardado del odontologo con apellido: Serna
[2022-12-14 23:50:24] [ INFO ] [OdontologoService:21] Se inició el proceso de guardado del odontologo con apellido: Serna
[2022-12-14 23:51:26] [ INFO ] [OdontologoService:21] Se inició el proceso de guardado del odontologo con apellido: Serna
[2022-12-15 00:32:46] [ INFO ] [OdontologoService:21] Se inició el proceso de guardado del odontologo con apellido: null
[2022-12-15 00:32:47] [ INFO ] [OdontologoService:21] Se inició el proceso de guardado del odontologo con apellido: null
[2022-12-15 00:38:02] [ INFO ] [OdontologoService:21] Se inició el proceso de guardado del odontologo con apellido: null
[2022-12-15 00:38:03] [ INFO ] [OdontologoService:21] Se inició el proceso de guardado del odontologo con apellido: null
[2022-12-15 00:38:04] [ INFO ] [OdontologoService:21] Se inició el proceso de guardado del odontologo con apellido: null
[2022-12-15 00:38:35] [ INFO ] [OdontologoService:21] Se inició el proceso de guardado del odontologo con apellido: sddsd
[2022-12-15 00:38:35] [ INFO ] [OdontologoService:21] Se inició el proceso de guardado del odontologo con apellido: sddsd
[2022-12-15 00:38:36] [ INFO ] [OdontologoService:21] Se inició el proceso de guardado del odontologo con apellido: sddsd
[2022-12-15 00:38:40] [ INFO ] [OdontologoService:21] Se inició el proceso de guardado del odontologo con apellido: sddsd
[2022-12-15 00:38:48] [ INFO ] [OdontologoService:21] Se inició el proceso de guardado del odontologo con apellido: sddsd
[2022-12-15 00:38:49] [ INFO ] [OdontologoService:21] Se inició el proceso de guardado del odontologo con apellido: sddsd
[2022-12-15 00:38:49] [ INFO ] [OdontologoService:21] Se inició el proceso de guardado del odontologo con apellido: sddsd
[2022-12-15 00:38:50] [ INFO ] [OdontologoService:21] Se inició el proceso de guardado del odontologo con apellido: sddsd
[2022-12-15 00:38:51] [ INFO ] [OdontologoService:21] Se inició el proceso de guardado del odontologo con apellido: sddsd
[2022-12-20 18:43:45] [ INFO ] [OdontologoService:21] Se inició el proceso de guardado del odontologo con apellido: sddsd
[2022-12-20 18:43:52] [ INFO ] [OdontologoService:21] Se inició el proceso de guardado del odontologo con apellido: sdd,lkpsd
[2022-12-20 18:44:02] [ INFO ] [OdontologoService:21] Se inició el proceso de guardado del odontologo con apellido: sdd,lkpsd
[2022-12-20 18:44:15] [ INFO ] [OdontologoService:21] Se inició el proceso de guardado del odontologo con apellido: sdd,lkpsd
[2022-12-20 19:42:05] [ INFO ] [OdontologoService:21] Se inició el proceso de guardado del odontologo con apellido: Hasper
